2019-11-20 05:24:38 INFO  PluginTasksProjectComponent.projectOpened(77) - ---------- Project opened ----------
2019-11-20 05:24:38 INFO  PluginTasksProjectComponent.projectOpened(78) - ---------- Version 3.35 ----------

2019-11-20 05:24:38 INFO  PluginTasksProjectComponent.setAutoscrolls(366) - Autoscrolls successfully set
2019-11-20 05:24:38 INFO  ApacheHttpClient.isSessionAppropriateWithSecretKey(570) - The session is not set in the property file.
2019-11-20 05:24:38 INFO  ApacheHttpClient.login(236) - Waiting for server response.
2019-11-20 05:24:38 INFO  ApacheHttpClient.login(240) - responseCode = 200
2019-11-20 05:24:38 INFO  ApacheHttpClient.login(263) - JSESSIONID OK
2019-11-20 05:24:39 INFO  ApacheHttpClient.refreshUserInfo(291) - responseCode = 200
2019-11-20 05:24:39 INFO  ApacheHttpClient.refreshUserInfo(297) - User information received.
2019-11-20 05:24:39 INFO  ApacheHttpClient.startGA(35) - GAService started.
2019-11-20 05:24:39 INFO  AbstractRestApiClient.startService(71) - EventsService started.
2019-11-20 05:25:03 INFO  ApacheHttpClient.getWebResourceAsStream(483) - responseCode = 200
2019-11-20 05:25:04 INFO  ApacheHttpClient.getFilteredTasks(322) - responseCode = 200
2019-11-20 05:26:21 INFO  ApacheHttpClient.getWebResourceAsStream(483) - responseCode = 200
2019-11-20 05:26:22 INFO  ApacheHttpClient.getFilteredTasks(322) - responseCode = 200
2019-11-20 05:26:36 INFO  ApacheHttpClient.getFilteredTasks(322) - responseCode = 200
2019-11-20 05:26:43 INFO  ApacheHttpClient.getFilteredTasks(322) - responseCode = 200
2019-11-20 05:26:50 INFO  ApacheHttpClient.getTaskTemplateInfo(339) - responseCode = 200
2019-11-20 05:26:53 INFO  ApacheHttpClient.getTaskTemplateInfo(339) - responseCode = 200
2019-11-20 05:26:57 INFO  ApacheHttpClient.getTaskTemplateInfo(339) - responseCode = 200
2019-11-20 05:27:00 INFO  ApacheHttpClient.getWebResourceAsStream(483) - responseCode = 200
2019-11-20 05:27:01 INFO  ApacheHttpClient.getWebResourceAsStream(483) - responseCode = 200
2019-11-20 05:27:01 INFO  ApacheHttpClient.getWebResourceAsStream(483) - responseCode = 200
2019-11-20 05:27:39 INFO  ApacheHttpClient.sendEvent(516) - responseCode = 200
2019-11-20 05:28:39 INFO  ApacheHttpClient.sendEvent(516) - responseCode = 200
2019-11-20 05:29:39 INFO  ApacheHttpClient.sendEvent(516) - responseCode = 200
2019-11-20 05:30:39 INFO  ApacheHttpClient.sendEvent(516) - responseCode = 200
2019-11-20 05:31:39 INFO  ApacheHttpClient.sendEvent(516) - responseCode = 200
2019-11-20 05:32:39 INFO  ApacheHttpClient.sendEvent(516) - responseCode = 200
2019-11-20 05:33:39 INFO  ApacheHttpClient.sendEvent(516) - responseCode = 200
2019-11-20 05:34:39 INFO  ApacheHttpClient.sendEvent(516) - responseCode = 200
2019-11-20 05:35:39 INFO  ApacheHttpClient.sendEvent(516) - responseCode = 200
2019-11-20 05:36:39 INFO  ApacheHttpClient.sendEvent(516) - responseCode = 200
2019-11-20 05:37:39 INFO  ApacheHttpClient.sendEvent(516) - responseCode = 200
2019-11-20 05:38:39 INFO  ApacheHttpClient.sendEvent(516) - responseCode = 200
2019-11-20 05:39:39 INFO  ApacheHttpClient.sendEvent(516) - responseCode = 200
2019-11-20 05:40:39 INFO  ApacheHttpClient.sendEvent(516) - responseCode = 200
2019-11-20 05:41:39 INFO  ApacheHttpClient.sendEvent(516) - responseCode = 200
2019-11-20 05:42:39 INFO  ApacheHttpClient.sendEvent(516) - responseCode = 200
2019-11-20 05:43:39 INFO  ApacheHttpClient.sendEvent(516) - responseCode = 200
2019-11-20 05:44:39 INFO  ApacheHttpClient.sendEvent(516) - responseCode = 200
2019-11-20 05:45:39 INFO  ApacheHttpClient.sendEvent(516) - responseCode = 200
2019-11-20 05:46:39 INFO  ApacheHttpClient.sendEvent(516) - responseCode = 200
2019-11-20 05:47:39 INFO  ApacheHttpClient.sendEvent(516) - responseCode = 200
2019-11-20 05:47:53 INFO  PluginTasksProjectComponent.projectClosing(188) - ---------- Project closed ----------

2019-11-20 05:47:53 INFO  ApacheHttpClient.getTask(469) - responseCode = 200
2019-11-20 05:49:49 INFO  PluginTasksProjectComponent.projectOpened(77) - ---------- Project opened ----------
2019-11-20 05:49:49 INFO  PluginTasksProjectComponent.projectOpened(78) - ---------- Version 3.35 ----------

2019-11-20 05:49:49 INFO  ApacheHttpClient.createAsyncHttpClient(133) - 1 proxies selected. Type: DIRECT
2019-11-20 05:49:50 INFO  ApacheHttpClient.<init>(91) - ApacheHttpClient was successfully instantiated.
2019-11-20 05:49:50 INFO  ApacheHttpClient.testConnection(191) - responseCode = 200
2019-11-20 05:49:50 INFO  ApacheHttpClient.testConnection(206) - result = true
2019-11-20 05:49:51 INFO  ApacheHttpClient.isSessionAppropriateWithSecretKey(583) - Waiting for server response.
2019-11-20 05:49:51 INFO  ApacheHttpClient.refreshUserInfo(291) - responseCode = 200
2019-11-20 05:49:51 INFO  ApacheHttpClient.refreshUserInfo(297) - User information received.
2019-11-20 05:49:51 INFO  ApacheHttpClient.startGA(35) - GAService started.
2019-11-20 05:49:51 INFO  AbstractRestApiClient.startService(71) - EventsService started.
2019-11-20 05:50:43 INFO  ApacheHttpClient.getWebResourceAsStream(483) - responseCode = 200
2019-11-20 05:50:43 INFO  ApacheHttpClient.getFilteredTasks(322) - responseCode = 200
2019-11-20 05:51:16 INFO  ApacheHttpClient.getWebResourceAsStream(483) - responseCode = 200
2019-11-20 05:51:17 INFO  ApacheHttpClient.getFilteredTasks(322) - responseCode = 200
2019-11-20 05:51:51 INFO  ApacheHttpClient.sendEvent(516) - responseCode = 200
2019-11-20 05:52:51 INFO  ApacheHttpClient.sendEvent(516) - responseCode = 200
2019-11-20 05:53:51 INFO  ApacheHttpClient.sendEvent(516) - responseCode = 200
2019-11-20 05:54:51 INFO  ApacheHttpClient.sendEvent(516) - responseCode = 200
2019-11-20 05:55:51 INFO  ApacheHttpClient.sendEvent(516) - responseCode = 200
2019-11-20 05:56:51 INFO  ApacheHttpClient.sendEvent(516) - responseCode = 200
2019-11-20 05:57:51 INFO  ApacheHttpClient.sendEvent(516) - responseCode = 200
2019-11-20 05:58:51 INFO  ApacheHttpClient.sendEvent(516) - responseCode = 200
2019-11-20 05:59:51 INFO  ApacheHttpClient.sendEvent(516) - responseCode = 200
2019-11-20 06:00:51 INFO  ApacheHttpClient.sendEvent(516) - responseCode = 200
2019-11-20 06:01:51 INFO  ApacheHttpClient.sendEvent(516) - responseCode = 200
2019-11-20 06:02:51 INFO  ApacheHttpClient.sendEvent(516) - responseCode = 200
2019-11-20 06:03:51 INFO  ApacheHttpClient.sendEvent(516) - responseCode = 200
2019-11-20 06:04:51 INFO  ApacheHttpClient.sendEvent(516) - responseCode = 200
